<?xml version="1.0" encoding="UTF-8"?>
<testsuite xmlns:xsi="http://www.w3.org/2001/XMLSchema-instance" xsi:noNamespaceSchemaLocation="https://maven.apache.org/surefire/maven-surefire-plugin/xsd/surefire-test-report-3.0.xsd" version="3.0" name="com.example.CodeSnippetLambda.StreamLambdaHandlerTest" time="5.377" tests="2" errors="0" skipped="0" failures="0">
  <properties>
[...]
</properties>
  <testcase name="ping_streamRequest_respondsWithHello" classname="com.example.CodeSnippetLambda.StreamLambdaHandlerTest" time="0.123">
    <system-out><![CDATA[17:31:49.758 [main] INFO com.amazonaws.serverless.proxy.internal.LambdaContainerHandler -- Starting Lambda Container Handler

  .   ____          _            __ _ _
 /\\ / ___'_ __ _ _(_)_ __  __ _ \ \ \ \
( ( )\___ | '_ | '_| | '_ \/ _` | \ \ \ \
 \\/  ___)| |_)| | | | | || (_| |  ) ) ) )
  '  |____| .__|_| |_|_| |_\__, | / / / /
 =========|_|==============|___/=/_/_/_/
 :: Spring Boot ::                (v3.2.7)

2024-08-14T17:31:50.345-04:00  INFO 8928 --- [           main] c.a.s.p.s.AwsSpringWebRuntimeInitializer : AWS Environment: {PATH=C:/Program Files/Eclipse Adoptium/jdk-21.0.1.12-hotspot/bin/server;C:/Program Files/Eclipse Adoptium/jdk-21.0.1.12-hotspot/bin;C:\Program Files\Eclipse Adoptium\jdk-21.0.1.12-hotspot\bin;C:\WINDOWS\system32;C:\WINDOWS;C:\WINDOWS\System32\Wbem;C:\WINDOWS\System32\WindowsPowerShell\v1.0\;C:\WINDOWS\System32\OpenSSH\;C:\Program Files\nodejs\;C:\Program Files\Git\cmd;C:\Program Files\NVIDIA Corporation\NVIDIA NvDLISR;C:\Program Files (x86)\NVIDIA Corporation\PhysX\Common;C:\Program Files (x86)\Microsoft SQL Server\160\Tools\Binn\;C:\Program Files\Microsoft SQL Server\160\Tools\Binn\;C:\Program Files\Microsoft SQL Server\Client SDK\ODBC\170\Tools\Binn\;C:\Program Files\Microsoft SQL Server\160\DTS\Binn\;C:\Program Files (x86)\Microsoft SQL Server\160\DTS\Binn\;C:\Program Files\Azure Data Studio\bin;C:\ProgramData\chocolatey\bin;;C:\Program Files\Docker\Docker\resources\bin;C:\Program Files\Amazon\AWSCLIV2\;C:\Program Files\Amazon\AWSSAMCLI\bin\;C:\Users\daniel\AppData\Local\Microsoft\WindowsApps;;C:\Users\daniel\AppData\Local\Programs\Microsoft VS Code\bin;C:\Users\daniel\AppData\Roaming\npm;C:\Program Files\Azure Data Studio\bin;C:\WINDOWS\system32;, USERDOMAIN_ROAMINGPROFILE=DESKTOP-U12U7EM, LOCALAPPDATA=C:\Users\daniel\AppData\Local, PROCESSOR_LEVEL=25, SYSTEMDRIVE=C:, COMMONPROGRAMFILES(X86)=C:\Program Files (x86)\Common Files, USERDOMAIN=DESKTOP-U12U7EM, LOGONSERVER=\\DESKTOP-U12U7EM, JAVA_HOME=C:\Program Files\Eclipse Adoptium\jdk-21.0.1.12-hotspot\, PROMPT=$P$G, SESSIONNAME=Console, ALLUSERSPROFILE=C:\ProgramData, PROGRAMFILES(X86)=C:\Program Files (x86), PROCESSOR_ARCHITECTURE=AMD64, DRIVERDATA=C:\Windows\System32\Drivers\DriverData, PROGRAMFILES=C:\Program Files, =C:=C:\Users\daniel\Desktop\project\CodeSnipp\HTMLSnippets\CodeSnippetLambda, APPDATA=C:\Users\daniel\AppData\Roaming, EFC_8148=1, PSMODULEPATH=C:\Program Files\WindowsPowerShell\Modules;C:\WINDOWS\system32\WindowsPowerShell\v1.0\Modules;C:\Program Files (x86)\Microsoft SQL Server\160\Tools\PowerShell\Modules\, PROGRAMW6432=C:\Program Files, PROGRAMDATA=C:\ProgramData, SYSTEMROOT=C:\WINDOWS, CHOCOLATEYINSTALL=C:\ProgramData\chocolatey, CHOCOLATEYLASTPATHUPDATE=133526722557008487, USERNAME=daniel, ONEDRIVE=C:\Users\daniel\OneDrive, PATHEXT=.COM;.EXE;.BAT;.CMD;.VBS;.VBE;.JS;.JSE;.WSF;.WSH;.MSC, OS=Windows_NT, COMMONPROGRAMW6432=C:\Program Files\Common Files, COMPUTERNAME=DESKTOP-U12U7EM, ONEDRIVECONSUMER=C:\Users\daniel\OneDrive, COMMONPROGRAMFILES=C:\Program Files\Common Files, COMSPEC=C:\WINDOWS\system32\cmd.exe, PROCESSOR_REVISION=2102, WINDIR=C:\WINDOWS, HOMEPATH=\Users\daniel, TEMP=C:\Users\daniel\AppData\Local\Temp, HOMEDRIVE=C:, PROCESSOR_IDENTIFIER=AMD64 Family 25 Model 33 Stepping 2, AuthenticAMD, USERPROFILE=C:\Users\daniel, TMP=C:\Users\daniel\AppData\Local\Temp, PUBLIC=C:\Users\Public, NUMBER_OF_PROCESSORS=12, OPENAI_API_KEY=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, =::=::\}
2024-08-14T17:31:50.352-04:00  INFO 8928 --- [           main] o.a.maven.surefire.booter.ForkedBooter   : Starting ForkedBooter v3.1.2 using Java 21.0.1 with PID 8928 (started by daniel in C:\Users\daniel\Desktop\project\CodeSnipp\HTMLSnippets\CodeSnippetLambda)
2024-08-14T17:31:50.353-04:00  INFO 8928 --- [           main] o.a.maven.surefire.booter.ForkedBooter   : No active profile set, falling back to 1 default profile: "default"
2024-08-14T17:31:50.993-04:00  INFO 8928 --- [           main] .s.d.r.c.RepositoryConfigurationDelegate : Bootstrapping Spring Data JPA repositories in DEFAULT mode.
2024-08-14T17:31:51.091-04:00  INFO 8928 --- [           main] .s.d.r.c.RepositoryConfigurationDelegate : Finished Spring Data repository scanning in 90 ms. Found 7 JPA repository interfaces.
2024-08-14T17:31:51.451-04:00  INFO 8928 --- [           main] c.a.s.p.i.servlet.AwsServletContext      : Initializing Spring embedded WebApplicationContext
2024-08-14T17:31:51.453-04:00  INFO 8928 --- [           main] w.s.c.ServletWebServerApplicationContext : Root WebApplicationContext: initialization completed in 1064 ms
2024-08-14T17:31:51.930-04:00  INFO 8928 --- [           main] o.hibernate.jpa.internal.util.LogHelper  : HHH000204: Processing PersistenceUnitInfo [name: default]
2024-08-14T17:31:52.020-04:00  INFO 8928 --- [           main] org.hibernate.Version                    : HHH000412: Hibernate ORM core version 6.4.9.Final
2024-08-14T17:31:52.081-04:00  INFO 8928 --- [           main] o.h.c.internal.RegionFactoryInitiator    : HHH000026: Second-level cache disabled
2024-08-14T17:31:52.412-04:00  INFO 8928 --- [           main] o.s.o.j.p.SpringPersistenceUnitInfo      : No LoadTimeWeaver setup: ignoring JPA class transformer
2024-08-14T17:31:52.444-04:00  INFO 8928 --- [           main] com.zaxxer.hikari.HikariDataSource       : HikariPool-1 - Starting...
2024-08-14T17:31:52.855-04:00  INFO 8928 --- [           main] com.zaxxer.hikari.pool.HikariPool        : HikariPool-1 - Added connection ConnectionID:1 ClientConnectionId: e0bfe479-a266-4f4e-9f49-aa574760b97e
2024-08-14T17:31:52.856-04:00  INFO 8928 --- [           main] com.zaxxer.hikari.HikariDataSource       : HikariPool-1 - Start completed.
2024-08-14T17:31:53.932-04:00  INFO 8928 --- [           main] o.h.e.t.j.p.i.JtaPlatformInitiator       : HHH000489: No JTA platform available (set 'hibernate.transaction.jta.platform' to enable JTA platform integration)
2024-08-14T17:31:53.935-04:00  INFO 8928 --- [           main] j.LocalContainerEntityManagerFactoryBean : Initialized JPA EntityManagerFactory for persistence unit 'default'
2024-08-14T17:31:54.396-04:00  WARN 8928 --- [           main] JpaBaseConfiguration$JpaWebConfiguration : spring.jpa.open-in-view is enabled by default. Therefore, database queries may be performed during view rendering. Explicitly configure spring.jpa.open-in-view to disable this warning
2024-08-14T17:31:54.747-04:00  INFO 8928 --- [           main] o.a.maven.surefire.booter.ForkedBooter   : Started ForkedBooter in 4.756 seconds (process running for 5.725)
2024-08-14T17:31:54.751-04:00  INFO 8928 --- [           main] c.a.s.p.i.servlet.AwsServletContext      : Initializing Spring DispatcherServlet 'dispatcherServlet'
2024-08-14T17:31:54.751-04:00  INFO 8928 --- [           main] o.s.web.servlet.DispatcherServlet        : Initializing Servlet 'dispatcherServlet'
2024-08-14T17:31:54.752-04:00  INFO 8928 --- [           main] o.s.web.servlet.DispatcherServlet        : Completed initialization in 1 ms
2024-08-14T17:31:54.865-04:00  INFO 8928 --- [           main] c.a.s.p.internal.LambdaContainerHandler  : 127.0.0.1 null- null [14/08/2024:21:31:54-0400] "GET /ping HTTP/1.1" 200 24 "-" "-" combined
]]></system-out>
  </testcase>
  <testcase name="invalidResource_streamRequest_responds404" classname="com.example.CodeSnippetLambda.StreamLambdaHandlerTest" time="0.007">
    <system-out><![CDATA[2024-08-14T17:31:54.886-04:00  WARN 8928 --- [           main] o.s.web.servlet.PageNotFound             : No mapping for GET /pong
2024-08-14T17:31:54.888-04:00  WARN 8928 --- [           main] o.s.web.servlet.PageNotFound             : No endpoint GET /pong.
2024-08-14T17:31:54.889-04:00  INFO 8928 --- [           main] c.a.s.p.internal.LambdaContainerHandler  : 127.0.0.1 null- null [14/08/2024:21:31:54-0400] "GET /pong HTTP/1.1" 404 - "-" "-" combined
]]></system-out>
  </testcase>
</testsuite>